<?xml version="1.0" encoding="utf-8"?><testsuite errors="0" failures="4" name="pytest" skips="0" tests="10" time="0.804"><testcase classname="pytests.test_index" file="pytests/test_index.py" line="9" name="test_greenville_population" time="0.0006854534149169922"></testcase><testcase classname="pytests.test_index" file="pytests/test_index.py" line="12" name="test_greenville_area" time="0.0005652904510498047"></testcase><testcase classname="pytests.test_index" file="pytests/test_index.py" line="15" name="test_city_keys" time="0.002137422561645508"><failure message="AssertionError: assert dict_keys([&apos;A...&apos;Population&apos;]) == [&apos;Area&apos;, &apos;City... &apos;Population&apos;]
  Use -v to get the full diff">def test_city_keys():
&gt;       assert city_keys == [&apos;Area&apos;, &apos;City&apos;, &apos;Country&apos;, &apos;Population&apos;]
E       AssertionError: assert dict_keys([&apos;A...&apos;Population&apos;]) == [&apos;Area&apos;, &apos;City... &apos;Population&apos;]
E         Use -v to get the full diff

pytests/test_index.py:17: AssertionError</failure></testcase><testcase classname="pytests.test_index" file="pytests/test_index.py" line="18" name="test_city_values" time="0.0010416507720947266"><failure message="AssertionError: assert dict_values([...&apos;USA&apos;, 84554]) == [68, &apos;Greenvil... &apos;USA&apos;, 84554]
  Use -v to get the full diff">def test_city_values():
&gt;       assert city_values == [68, &apos;Greenville&apos;, &apos;USA&apos;, 84554]
E       AssertionError: assert dict_values([...&apos;USA&apos;, 84554]) == [68, &apos;Greenvil... &apos;USA&apos;, 84554]
E         Use -v to get the full diff

pytests/test_index.py:20: AssertionError</failure></testcase><testcase classname="pytests.test_index" file="pytests/test_index.py" line="21" name="test_salina" time="0.000553131103515625"></testcase><testcase classname="pytests.test_index" file="pytests/test_index.py" line="24" name="test_los_cabos_pop" time="0.0005671977996826172"></testcase><testcase classname="pytests.test_index" file="pytests/test_index.py" line="27" name="test_city_count" time="0.0005345344543457031"></testcase><testcase classname="pytests.test_index" file="pytests/test_index.py" line="30" name="test_change_spelling" time="0.00055694580078125"></testcase><testcase classname="pytests.test_index" file="pytests/test_index.py" line="33" name="test_pyeongchang_keys" time="0.0009953975677490234"><failure message="AssertionError: assert &lt;class &apos;NoneType&apos;&gt; == &lt;class &apos;list&apos;&gt;
 +  where &lt;class &apos;NoneType&apos;&gt; = type(None)
 +  and   &lt;class &apos;list&apos;&gt; = type([])
 +    where [] = list()">def test_pyeongchang_keys():
&gt;       assert type(pyeongchang_keys) == type(list())
E       AssertionError: assert &lt;class &apos;NoneType&apos;&gt; == &lt;class &apos;list&apos;&gt;
E        +  where &lt;class &apos;NoneType&apos;&gt; = type(None)
E        +  and   &lt;class &apos;list&apos;&gt; = type([])
E        +    where [] = list()

pytests/test_index.py:35: AssertionError</failure></testcase><testcase classname="pytests.test_index" file="pytests/test_index.py" line="37" name="test_pyeongchang_values" time="0.0008165836334228516"><failure message="AssertionError: assert &lt;class &apos;dict&apos;&gt; == &lt;class &apos;list&apos;&gt;
 +  where &lt;class &apos;dict&apos;&gt; = type({&apos;Area&apos;: 3194, &apos;City&apos;: &apos;PyeongChang&apos;, &apos;Country&apos;: &apos;South Korea&apos;, &apos;Population&apos;: 2581000})
 +  and   &lt;class &apos;list&apos;&gt; = type([])
 +    where [] = list()">def test_pyeongchang_values():
&gt;       assert type(pyeongchang_values) == type(list())
E       AssertionError: assert &lt;class &apos;dict&apos;&gt; == &lt;class &apos;list&apos;&gt;
E        +  where &lt;class &apos;dict&apos;&gt; = type({&apos;Area&apos;: 3194, &apos;City&apos;: &apos;PyeongChang&apos;, &apos;Country&apos;: &apos;South Korea&apos;, &apos;Population&apos;: 2581000})
E        +  and   &lt;class &apos;list&apos;&gt; = type([])
E        +    where [] = list()

pytests/test_index.py:39: AssertionError</failure></testcase></testsuite>